<?xml version="1.0" encoding="UTF-8"?>
<!-- Generated by org.testng.reporters.JUnitXMLReporter -->
<testsuite ignored="0" hostname="RajollaTharun" failures="0" tests="5" name="Default test" time="23.417" errors="0" timestamp="2023-04-07T15:39:32 IST">
  <testcase classname="rb.test1.LaunchApp" name="launchChromeDriver" time="4.529"/>
  <testcase classname="rb.test1.LaunchApp" name="website" time="2.05"/>
  <testcase classname="rb.test1.LaunchApp" name="doSignIn" time="6.913"/>
  <testcase classname="rb.test1.LaunchApp" name="clickMen" time="2.389"/>
  <testcase classname="rb.test1.LaunchApp" name="doSignOut" time="7.484"/>
</testsuite> <!-- Default test -->
