<?xml version="1.0" encoding="UTF-8"?>
<!-- Generated by org.testng.reporters.JUnitXMLReporter -->
<testsuite ignored="0" hostname="RajollaTharun" failures="0" tests="5" name="Test" time="28.82" errors="0" timestamp="2023-04-07T17:01:16 IST">
  <testcase classname="rb.test1.LaunchApp" name="launchChromeDriver" time="3.946"/>
  <testcase classname="rb.test1.LaunchApp" name="website" time="2.045"/>
  <testcase classname="rb.test1.LaunchApp" name="doSignIn" time="6.901"/>
  <testcase classname="rb.test1.LaunchApp" name="doSignOut" time="7.597"/>
  <testcase classname="rb.test1.Men" name="clickMen" time="8.304"/>
</testsuite> <!-- Test -->
