<?xml version="1.0" encoding="UTF-8"?>
<!-- Generated by org.testng.reporters.JUnitXMLReporter -->
<testsuite ignored="0" hostname="RajollaTharun" failures="0" tests="5" name="Test" time="30.073" errors="0" timestamp="2023-04-07T16:24:52 IST">
  <testcase classname="rb.test1.LaunchApp" name="launchChromeDriver" time="5.398"/>
  <testcase classname="rb.test1.LaunchApp" name="website" time="2.044"/>
  <testcase classname="rb.test1.LaunchApp" name="doSignIn" time="7.538"/>
  <testcase classname="rb.test1.LaunchApp" name="doSignOut" time="7.603"/>
  <testcase classname="rb.test1.Men" name="clickMen" time="7.425"/>
</testsuite> <!-- Test -->
