<?xml version="1.0" encoding="UTF-8"?>
<!-- Generated by org.testng.reporters.JUnitXMLReporter -->
<testsuite ignored="0" hostname="RajollaTharun" failures="0" tests="5" name="Test 2" time="28.01" errors="0" timestamp="2023-04-07T17:05:52 IST">
  <testcase classname="rb.test1.LaunchApp" name="launchChromeDriver" time="3.816"/>
  <testcase classname="rb.test1.LaunchApp" name="website" time="2.057"/>
  <testcase classname="rb.test1.LaunchApp" name="doSignIn" time="6.998"/>
  <testcase classname="rb.test1.LaunchApp" name="doSignOut" time="7.655"/>
  <testcase classname="rb.test1.Men" name="clickMen" time="7.479"/>
</testsuite> <!-- Test 2 -->
