<?xml version="1.0" encoding="UTF-8"?>
<!-- Generated by org.testng.reporters.JUnitXMLReporter -->
<testsuite ignored="0" hostname="RajollaTharun" failures="0" tests="5" name="Test 1" time="27.752" errors="0" timestamp="2023-04-07T17:08:40 IST">
  <testcase classname="rb.test1.LaunchApp" name="launchChromeDriver" time="3.746"/>
  <testcase classname="rb.test1.LaunchApp" name="website" time="2.054"/>
  <testcase classname="rb.test1.LaunchApp" name="doSignIn" time="7.016"/>
  <testcase classname="rb.test1.LaunchApp" name="doSignOut" time="7.505"/>
  <testcase classname="rb.test1.Men" name="clickMen" time="7.402"/>
</testsuite> <!-- Test 1 -->
