<?xml version="1.0" encoding="UTF-8"?>
<testng-results ignored="0" total="5" passed="5" failed="0" skipped="0">
  <reporter-output>
  </reporter-output>
  <suite started-at="2023-04-07T17:08:12 IST" name="Suite" finished-at="2023-04-07T17:08:40 IST" duration-ms="27752">
    <groups>
    </groups>
    <test started-at="2023-04-07T17:08:12 IST" name="Test 1" finished-at="2023-04-07T17:08:40 IST" duration-ms="27752">
      <class name="rb.test1.Men">
        <test-method is-config="true" signature="setup()[pri:0, instance:rb.test1.Men@557caf28]" started-at="2023-04-07T17:08:12 IST" name="setup" finished-at="2023-04-07T17:08:12 IST" duration-ms="1" status="PASS">
          <reporter-output>
          </reporter-output>
        </test-method> <!-- setup -->
        <test-method signature="clickMen()[pri:4, instance:rb.test1.Men@557caf28]" started-at="2023-04-07T17:08:32 IST" name="clickMen" finished-at="2023-04-07T17:08:40 IST" duration-ms="7402" status="PASS">
          <reporter-output>
          </reporter-output>
        </test-method> <!-- clickMen -->
        <test-method is-config="true" signature="teardown()[pri:0, instance:rb.test1.Men@557caf28]" started-at="2023-04-07T17:08:40 IST" name="teardown" finished-at="2023-04-07T17:08:40 IST" duration-ms="31" status="PASS">
          <reporter-output>
          </reporter-output>
        </test-method> <!-- teardown -->
      </class> <!-- rb.test1.Men -->
      <class name="rb.test1.LaunchApp">
        <test-method is-config="true" signature="setup()[pri:0, instance:rb.test1.LaunchApp@62379589]" started-at="2023-04-07T17:08:12 IST" name="setup" finished-at="2023-04-07T17:08:12 IST" duration-ms="113" status="PASS">
          <reporter-output>
          </reporter-output>
        </test-method> <!-- setup -->
        <test-method signature="launchChromeDriver()[pri:1, instance:rb.test1.LaunchApp@62379589]" started-at="2023-04-07T17:08:12 IST" name="launchChromeDriver" finished-at="2023-04-07T17:08:16 IST" duration-ms="3746" status="PASS">
          <reporter-output>
          </reporter-output>
        </test-method> <!-- launchChromeDriver -->
        <test-method signature="website()[pri:2, instance:rb.test1.LaunchApp@62379589]" started-at="2023-04-07T17:08:16 IST" name="website" finished-at="2023-04-07T17:08:18 IST" duration-ms="2054" status="PASS">
          <reporter-output>
          </reporter-output>
        </test-method> <!-- website -->
        <test-method signature="doSignIn()[pri:3, instance:rb.test1.LaunchApp@62379589]" started-at="2023-04-07T17:08:18 IST" name="doSignIn" finished-at="2023-04-07T17:08:25 IST" duration-ms="7016" status="PASS">
          <reporter-output>
          </reporter-output>
        </test-method> <!-- doSignIn -->
        <test-method signature="doSignOut()[pri:4, instance:rb.test1.LaunchApp@62379589]" started-at="2023-04-07T17:08:25 IST" name="doSignOut" finished-at="2023-04-07T17:08:32 IST" duration-ms="7505" status="PASS">
          <reporter-output>
          </reporter-output>
        </test-method> <!-- doSignOut -->
        <test-method is-config="true" signature="teardown()[pri:0, instance:rb.test1.LaunchApp@62379589]" started-at="2023-04-07T17:08:40 IST" name="teardown" finished-at="2023-04-07T17:08:40 IST" duration-ms="253" status="PASS">
          <reporter-output>
          </reporter-output>
        </test-method> <!-- teardown -->
      </class> <!-- rb.test1.LaunchApp -->
    </test> <!-- Test 1 -->
  </suite> <!-- Suite -->
</testng-results>
